2025-09-24 21:47:06,766 [INFO] ====== WebDriver manager ======
2025-09-24 21:47:06,843 [INFO] Get LATEST chromedriver version for google-chrome
2025-09-24 21:47:06,896 [INFO] Get LATEST chromedriver version for google-chrome
2025-09-24 21:47:06,938 [INFO] Driver [/Users/anarchytoast/.wdm/drivers/chromedriver/mac64/140.0.7339.207/chromedriver-mac-arm64/chromedriver] found in cache
2025-09-24 21:47:11,127 [ERROR] URL fail: https://www.shinhancard.com/pconts/html/card/apply/credit/1232369_2207.html name 'WebDriverWait' is not defined
Traceback (most recent call last):
  File "/Applications/card_crawler/shinhan-crawler/benefit_crawler.py", line 205, in main
    if not safe_click(driver,btn): continue
           ~~~~~~~~~~^^^^^^^^^^^^
  File "/Applications/card_crawler/shinhan-crawler/benefit_crawler.py", line 91, in safe_click
    WebDriverWait(driver, timeout).until(lambda d: element.is_displayed() and element.is_enabled())
    ^^^^^^^^^^^^^
NameError: name 'WebDriverWait' is not defined
2025-09-24 21:47:11,216 [INFO] ====== WebDriver manager ======
2025-09-24 21:47:11,470 [INFO] Get LATEST chromedriver version for google-chrome
2025-09-24 21:47:11,514 [INFO] Get LATEST chromedriver version for google-chrome
2025-09-24 21:47:11,557 [INFO] Driver [/Users/anarchytoast/.wdm/drivers/chromedriver/mac64/140.0.7339.207/chromedriver-mac-arm64/chromedriver] found in cache
2025-09-24 21:47:16,426 [ERROR] URL fail: https://www.shinhancard.com/pconts/html/card/apply/credit/1232390_2207.html name 'WebDriverWait' is not defined
Traceback (most recent call last):
  File "/Applications/card_crawler/shinhan-crawler/benefit_crawler.py", line 205, in main
    if not safe_click(driver,btn): continue
           ~~~~~~~~~~^^^^^^^^^^^^
  File "/Applications/card_crawler/shinhan-crawler/benefit_crawler.py", line 91, in safe_click
    WebDriverWait(driver, timeout).until(lambda d: element.is_displayed() and element.is_enabled())
    ^^^^^^^^^^^^^
NameError: name 'WebDriverWait' is not defined
2025-09-24 21:47:16,506 [INFO] ====== WebDriver manager ======
2025-09-24 21:47:16,788 [INFO] Get LATEST chromedriver version for google-chrome
2025-09-24 21:47:16,842 [INFO] Get LATEST chromedriver version for google-chrome
2025-09-24 21:47:16,886 [INFO] Driver [/Users/anarchytoast/.wdm/drivers/chromedriver/mac64/140.0.7339.207/chromedriver-mac-arm64/chromedriver] found in cache
2025-09-24 21:47:22,701 [ERROR] URL fail: https://www.shinhancard.com/pconts/html/card/apply/credit/1228407_2207.html name 'WebDriverWait' is not defined
Traceback (most recent call last):
  File "/Applications/card_crawler/shinhan-crawler/benefit_crawler.py", line 205, in main
    if not safe_click(driver,btn): continue
           ~~~~~~~~~~^^^^^^^^^^^^
  File "/Applications/card_crawler/shinhan-crawler/benefit_crawler.py", line 91, in safe_click
    WebDriverWait(driver, timeout).until(lambda d: element.is_displayed() and element.is_enabled())
    ^^^^^^^^^^^^^
NameError: name 'WebDriverWait' is not defined
2025-09-24 21:47:22,785 [INFO] ====== WebDriver manager ======
2025-09-24 21:47:23,099 [INFO] Get LATEST chromedriver version for google-chrome
2025-09-24 21:47:23,142 [INFO] Get LATEST chromedriver version for google-chrome
2025-09-24 21:47:23,185 [INFO] Driver [/Users/anarchytoast/.wdm/drivers/chromedriver/mac64/140.0.7339.207/chromedriver-mac-arm64/chromedriver] found in cache
2025-09-24 21:47:28,008 [ERROR] URL fail: https://www.shinhancard.com/pconts/html/card/apply/credit/1233082_2207.html name 'WebDriverWait' is not defined
Traceback (most recent call last):
  File "/Applications/card_crawler/shinhan-crawler/benefit_crawler.py", line 205, in main
    if not safe_click(driver,btn): continue
           ~~~~~~~~~~^^^^^^^^^^^^
  File "/Applications/card_crawler/shinhan-crawler/benefit_crawler.py", line 91, in safe_click
    WebDriverWait(driver, timeout).until(lambda d: element.is_displayed() and element.is_enabled())
    ^^^^^^^^^^^^^
NameError: name 'WebDriverWait' is not defined
2025-09-24 21:47:28,094 [INFO] ====== WebDriver manager ======
2025-09-24 21:47:28,330 [INFO] Get LATEST chromedriver version for google-chrome
2025-09-24 21:47:28,374 [INFO] Get LATEST chromedriver version for google-chrome
2025-09-24 21:47:28,414 [INFO] Driver [/Users/anarchytoast/.wdm/drivers/chromedriver/mac64/140.0.7339.207/chromedriver-mac-arm64/chromedriver] found in cache
2025-09-24 21:48:15,148 [INFO] ====== WebDriver manager ======
2025-09-24 21:48:15,566 [INFO] Get LATEST chromedriver version for google-chrome
2025-09-24 21:48:15,612 [INFO] Get LATEST chromedriver version for google-chrome
2025-09-24 21:48:15,654 [INFO] Driver [/Users/anarchytoast/.wdm/drivers/chromedriver/mac64/140.0.7339.207/chromedriver-mac-arm64/chromedriver] found in cache
